<?xml version="1.0" encoding="UTF-8"?>
<coverage generated="1666733648845" clover="3.2.0">
  <project timestamp="1666733648845" name="All files">
    <metrics statements="11" coveredstatements="5" conditionals="0" coveredconditionals="0" methods="1" coveredmethods="0" elements="12" coveredelements="5" complexity="0" loc="11" ncloc="11" packages="1" files="1" classes="1"/>
    <file name="ex2.js" path="C:\Users\User\Desktop\MasterLogicUdemyJS\jest-test\ex2\ex2.js">
      <metrics statements="11" coveredstatements="5" conditionals="0" coveredconditionals="0" methods="1" coveredmethods="0"/>
      <line num="1" count="1" type="stmt"/>
      <line num="2" count="1" type="stmt"/>
      <line num="3" count="0" type="stmt"/>
      <line num="4" count="0" type="stmt"/>
      <line num="5" count="0" type="stmt"/>
      <line num="6" count="0" type="stmt"/>
      <line num="7" count="0" type="stmt"/>
      <line num="8" count="0" type="stmt"/>
      <line num="9" count="1" type="stmt"/>
      <line num="10" count="1" type="stmt"/>
      <line num="11" count="1" type="stmt"/>
    </file>
  </project>
</coverage>
